build/app/intermediates/manifest_merge_blame_file/debug/manifest-merger-blame-debug-report.txt
1<?xml version="1.0" encoding="utf-8"?>
2<manifest xmlns:android="http://schemas.android.com/apk/res/android"
3    package="com.example.flutter_application_1"
4    android:versionCode="1"
5    android:versionName="1.0.0" >
6
7    <uses-sdk
8        android:minSdkVersion="16"
9        android:targetSdkVersion="30" />
10    <!--
11         Flutter needs it to communicate with the running application
12         to allow setting breakpoints, to provide hot reload, etc.
13    -->
14    <uses-permission android:name="android.permission.INTERNET" />
14-->src\debug\AndroidManifest.xml:6:5-66
14-->src\debug\AndroidManifest.xml:6:22-64
15    <uses-permission android:name="android.permission.ACCESS_NETWORK_STATE" />
15-->[com.google.android.gms:play-services-measurement-api:19.0.0] AndroidManifest.xml:23:5-79
15-->[com.google.android.gms:play-services-measurement-api:19.0.0] AndroidManifest.xml:23:22-76
16    <uses-permission android:name="android.permission.WAKE_LOCK" />
16-->[com.google.android.gms:play-services-measurement-api:19.0.0] AndroidManifest.xml:24:5-68
16-->[com.google.android.gms:play-services-measurement-api:19.0.0] AndroidManifest.xml:24:22-65
17    <uses-permission android:name="com.google.android.finsky.permission.BIND_GET_INSTALL_REFERRER_SERVICE" />
17-->[com.google.android.gms:play-services-measurement:19.0.0] AndroidManifest.xml:26:5-110
17-->[com.google.android.gms:play-services-measurement:19.0.0] AndroidManifest.xml:26:22-107
18
19    <application
19-->src\main\AndroidManifest.xml:3:4-40:19
20        android:name="androidx.multidex.MultiDexApplication"
21        android:appComponentFactory="androidx.core.app.CoreComponentFactory"
21-->[androidx.core:core:1.1.0] AndroidManifest.xml:24:18-86
22        android:debuggable="true"
23        android:icon="@mipmap/ic_launcher"
23-->src\main\AndroidManifest.xml:5:9-43
24        android:label="flutter_application_1" >
24-->src\main\AndroidManifest.xml:4:9-46
25        <activity
25-->src\main\AndroidManifest.xml:6:9-34:20
26            android:name="com.example.flutter_application_1.MainActivity"
26-->src\main\AndroidManifest.xml:7:13-41
27            android:configChanges="orientation|keyboardHidden|keyboard|screenSize|smallestScreenSize|locale|layoutDirection|fontScale|screenLayout|density|uiMode"
27-->src\main\AndroidManifest.xml:10:13-163
28            android:hardwareAccelerated="true"
28-->src\main\AndroidManifest.xml:11:13-47
29            android:launchMode="singleTop"
29-->src\main\AndroidManifest.xml:8:13-43
30            android:theme="@style/LaunchTheme"
30-->src\main\AndroidManifest.xml:9:13-47
31            android:windowSoftInputMode="adjustResize" >
31-->src\main\AndroidManifest.xml:12:13-55
32
33            <!--
34                 Specifies an Android theme to apply to this Activity as soon as
35                 the Android process has started. This theme is visible to the user
36                 while the Flutter UI initializes. After that, this theme continues
37                 to determine the Window background behind the Flutter UI.
38            -->
39            <meta-data
39-->src\main\AndroidManifest.xml:17:13-20:17
40                android:name="io.flutter.embedding.android.NormalTheme"
40-->src\main\AndroidManifest.xml:18:15-70
41                android:resource="@style/NormalTheme" />
41-->src\main\AndroidManifest.xml:19:15-52
42            <!--
43                 Displays an Android View that continues showing the launch screen
44                 Drawable until Flutter paints its first frame, then this splash
45                 screen fades out. A splash screen is useful to avoid any visual
46                 gap between the end of Android's launch screen and the painting of
47                 Flutter's first frame.
48            -->
49            <meta-data
49-->src\main\AndroidManifest.xml:26:13-29:17
50                android:name="io.flutter.embedding.android.SplashScreenDrawable"
50-->src\main\AndroidManifest.xml:27:15-79
51                android:resource="@drawable/launch_background" />
51-->src\main\AndroidManifest.xml:28:15-61
52
53            <intent-filter>
53-->src\main\AndroidManifest.xml:30:13-33:29
54                <action android:name="android.intent.action.MAIN" />
54-->src\main\AndroidManifest.xml:31:17-68
54-->src\main\AndroidManifest.xml:31:25-66
55
56                <category android:name="android.intent.category.LAUNCHER" />
56-->src\main\AndroidManifest.xml:32:17-76
56-->src\main\AndroidManifest.xml:32:27-74
57            </intent-filter>
58        </activity>
59        <!--
60             Don't delete the meta-data below.
61             This is used by the Flutter tool to generate GeneratedPluginRegistrant.java
62        -->
63        <meta-data
63-->src\main\AndroidManifest.xml:37:9-39:33
64            android:name="flutterEmbedding"
64-->src\main\AndroidManifest.xml:38:13-44
65            android:value="2" />
65-->src\main\AndroidManifest.xml:39:13-30
66
67        <service
67-->[:firebase_core] AndroidManifest.xml:8:9-12:19
68            android:name="com.google.firebase.components.ComponentDiscoveryService"
68-->[:firebase_core] AndroidManifest.xml:8:18-89
69            android:directBootAware="true"
69-->[com.google.firebase:firebase-common:20.0.0] AndroidManifest.xml:35:13-43
70            android:exported="false" >
70-->[com.google.firebase:firebase-analytics-ktx:19.0.0] AndroidManifest.xml:10:13-37
71            <meta-data
71-->[:firebase_core] AndroidManifest.xml:9:13-11:85
72                android:name="com.google.firebase.components:io.flutter.plugins.firebase.core.FlutterFirebaseCoreRegistrar"
72-->[:firebase_core] AndroidManifest.xml:10:17-124
73                android:value="com.google.firebase.components.ComponentRegistrar" />
73-->[:firebase_core] AndroidManifest.xml:11:17-82
74            <meta-data
74-->[com.google.firebase:firebase-analytics-ktx:19.0.0] AndroidManifest.xml:11:13-13:85
75                android:name="com.google.firebase.components:com.google.firebase.analytics.ktx.FirebaseAnalyticsKtxRegistrar"
75-->[com.google.firebase:firebase-analytics-ktx:19.0.0] AndroidManifest.xml:12:17-126
76                android:value="com.google.firebase.components.ComponentRegistrar" />
76-->[com.google.firebase:firebase-analytics-ktx:19.0.0] AndroidManifest.xml:13:17-82
77            <meta-data
77-->[com.google.firebase:firebase-common-ktx:20.0.0] AndroidManifest.xml:15:13-17:85
78                android:name="com.google.firebase.components:com.google.firebase.ktx.FirebaseCommonKtxRegistrar"
78-->[com.google.firebase:firebase-common-ktx:20.0.0] AndroidManifest.xml:16:17-113
79                android:value="com.google.firebase.components.ComponentRegistrar" />
79-->[com.google.firebase:firebase-common-ktx:20.0.0] AndroidManifest.xml:17:17-82
80            <meta-data
80-->[com.google.android.gms:play-services-measurement-api:19.0.0] AndroidManifest.xml:30:13-32:85
81                android:name="com.google.firebase.components:com.google.firebase.analytics.connector.internal.AnalyticsConnectorRegistrar"
81-->[com.google.android.gms:play-services-measurement-api:19.0.0] AndroidManifest.xml:31:17-139
82                android:value="com.google.firebase.components.ComponentRegistrar" />
82-->[com.google.android.gms:play-services-measurement-api:19.0.0] AndroidManifest.xml:32:17-82
83            <meta-data
83-->[com.google.firebase:firebase-installations:17.0.0] AndroidManifest.xml:18:13-20:85
84                android:name="com.google.firebase.components:com.google.firebase.installations.FirebaseInstallationsRegistrar"
84-->[com.google.firebase:firebase-installations:17.0.0] AndroidManifest.xml:19:17-127
85                android:value="com.google.firebase.components.ComponentRegistrar" />
85-->[com.google.firebase:firebase-installations:17.0.0] AndroidManifest.xml:20:17-82
86        </service>
87
88        <provider
88-->[com.google.firebase:firebase-common:20.0.0] AndroidManifest.xml:26:9-31:39
89            android:name="com.google.firebase.provider.FirebaseInitProvider"
89-->[com.google.firebase:firebase-common:20.0.0] AndroidManifest.xml:27:13-77
90            android:authorities="com.example.flutter_application_1.firebaseinitprovider"
90-->[com.google.firebase:firebase-common:20.0.0] AndroidManifest.xml:28:13-72
91            android:directBootAware="true"
91-->[com.google.firebase:firebase-common:20.0.0] AndroidManifest.xml:29:13-43
92            android:exported="false"
92-->[com.google.firebase:firebase-common:20.0.0] AndroidManifest.xml:30:13-37
93            android:initOrder="100" />
93-->[com.google.firebase:firebase-common:20.0.0] AndroidManifest.xml:31:13-36
94
95        <receiver
95-->[com.google.android.gms:play-services-measurement:19.0.0] AndroidManifest.xml:29:9-33:20
96            android:name="com.google.android.gms.measurement.AppMeasurementReceiver"
96-->[com.google.android.gms:play-services-measurement:19.0.0] AndroidManifest.xml:30:13-85
97            android:enabled="true"
97-->[com.google.android.gms:play-services-measurement:19.0.0] AndroidManifest.xml:31:13-35
98            android:exported="false" >
98-->[com.google.android.gms:play-services-measurement:19.0.0] AndroidManifest.xml:32:13-37
99        </receiver>
100
101        <service
101-->[com.google.android.gms:play-services-measurement:19.0.0] AndroidManifest.xml:35:9-38:40
102            android:name="com.google.android.gms.measurement.AppMeasurementService"
102-->[com.google.android.gms:play-services-measurement:19.0.0] AndroidManifest.xml:36:13-84
103            android:enabled="true"
103-->[com.google.android.gms:play-services-measurement:19.0.0] AndroidManifest.xml:37:13-35
104            android:exported="false" />
104-->[com.google.android.gms:play-services-measurement:19.0.0] AndroidManifest.xml:38:13-37
105        <service
105-->[com.google.android.gms:play-services-measurement:19.0.0] AndroidManifest.xml:39:9-43:72
106            android:name="com.google.android.gms.measurement.AppMeasurementJobService"
106-->[com.google.android.gms:play-services-measurement:19.0.0] AndroidManifest.xml:40:13-87
107            android:enabled="true"
107-->[com.google.android.gms:play-services-measurement:19.0.0] AndroidManifest.xml:41:13-35
108            android:exported="false"
108-->[com.google.android.gms:play-services-measurement:19.0.0] AndroidManifest.xml:42:13-37
109            android:permission="android.permission.BIND_JOB_SERVICE" />
109-->[com.google.android.gms:play-services-measurement:19.0.0] AndroidManifest.xml:43:13-69
110
111        <meta-data
111-->[com.google.android.gms:play-services-basement:17.0.0] AndroidManifest.xml:23:9-25:69
112            android:name="com.google.android.gms.version"
112-->[com.google.android.gms:play-services-basement:17.0.0] AndroidManifest.xml:24:13-58
113            android:value="@integer/google_play_services_version" />
113-->[com.google.android.gms:play-services-basement:17.0.0] AndroidManifest.xml:25:13-66
114    </application>
115
116</manifest>